<?xml version="1.0" encoding="UTF-8"?>
<testng-results ignored="0" total="1" passed="1" failed="0" skipped="0">
  <reporter-output>
  </reporter-output>
  <suite started-at="2026-04-06T18:48:59 CEST" name="Surefire suite" finished-at="2026-04-06T18:49:01 CEST" duration-ms="1631">
    <groups>
    </groups>
    <test started-at="2026-04-06T18:48:59 CEST" name="Surefire test" finished-at="2026-04-06T18:49:01 CEST" duration-ms="1631">
      <class name="com.example.testscripts.GoogleTest">
        <test-method is-config="true" signature="setUp()[pri:0, instance:com.example.testscripts.GoogleTest@14ec4505]" started-at="2026-04-06T18:48:59 CEST" name="setUp" finished-at="2026-04-06T18:49:00 CEST" duration-ms="917" status="PASS">
          <reporter-output>
          </reporter-output>
        </test-method> <!-- setUp -->
        <test-method signature="verifyGoogleTitle()[pri:0, instance:com.example.testscripts.GoogleTest@14ec4505]" started-at="2026-04-06T18:49:00 CEST" name="verifyGoogleTitle" finished-at="2026-04-06T18:49:01 CEST" duration-ms="601" status="PASS">
          <reporter-output>
          </reporter-output>
        </test-method> <!-- verifyGoogleTitle -->
        <test-method is-config="true" signature="tearDown()[pri:0, instance:com.example.testscripts.GoogleTest@14ec4505]" started-at="2026-04-06T18:49:01 CEST" name="tearDown" finished-at="2026-04-06T18:49:01 CEST" duration-ms="83" status="PASS">
          <reporter-output>
          </reporter-output>
        </test-method> <!-- tearDown -->
      </class> <!-- com.example.testscripts.GoogleTest -->
    </test> <!-- Surefire test -->
  </suite> <!-- Surefire suite -->
</testng-results>
